# JRE version: Java(TM) SE Runtime Environment (16.0.2+7) (build 16.0.2+7-67)
# Java VM: Java HotSpot(TM) 64-Bit Server VM (16.0.2+7-67, mixed mode, sharing, tiered, compressed oops, compressed class ptrs, g1 gc, windows-amd64)
GC Precious Log:
 CPUs: 8 total, 8 available
 Memory: 8131M
 Large Page Support: Disabled
 NUMA Support: Disabled
 Compressed Oops: Enabled (32-bit)
 Heap Region Size: 1M
 Heap Min Capacity: 8M
 Heap Initial Capacity: 128M
 Heap Max Capacity: 2034M
 Pre-touch: Disabled
 Parallel Workers: 8
 Concurrent Workers: 2
 Concurrent Refinement Workers: 8
 Periodic GC: Disabled
Heap:
 garbage-first heap   total 131072K, used 12895K [0x0000000080e00000, 0x0000000100000000)
  region size 1024K, 10 young (10240K), 2 survivors (2048K)
 Metaspace       used 6710K, committed 6912K, reserved 1064960K
  class space    used 471K, committed 576K, reserved 1048576K
GC Heap History (8 events):
Event: 4.041 GC heap before
{Heap before GC invocations=0 (full 0):
 garbage-first heap   total 131072K, used 25600K [0x0000000080e00000, 0x0000000100000000)
  region size 1024K, 23 young (23552K), 0 survivors (0K)
 Metaspace       used 5972K, committed 6208K, reserved 1056768K
  class space    used 460K, committed 576K, reserved 1048576K
}
Event: 4.048 GC heap after
{Heap after GC invocations=1 (full 0):
 garbage-first heap   total 131072K, used 4535K [0x0000000080e00000, 0x0000000100000000)
  region size 1024K, 3 young (3072K), 3 survivors (3072K)
 Metaspace       used 5972K, committed 6208K, reserved 1056768K
  class space    used 460K, committed 576K, reserved 1048576K
}
Event: 6.394 GC heap before
{Heap before GC invocations=1 (full 0):
 garbage-first heap   total 131072K, used 34231K [0x0000000080e00000, 0x0000000100000000)
  region size 1024K, 32 young (32768K), 3 survivors (3072K)
 Metaspace       used 6429K, committed 6592K, reserved 1064960K
  class space    used 469K, committed 576K, reserved 1048576K
}
Event: 6.397 GC heap after
{Heap after GC invocations=2 (full 0):
 garbage-first heap   total 131072K, used 4987K [0x0000000080e00000, 0x0000000100000000)
  region size 1024K, 1 young (1024K), 1 survivors (1024K)
 Metaspace       used 6429K, committed 6592K, reserved 1064960K
  class space    used 469K, committed 576K, reserved 1048576K
}
Event: 10.913 GC heap before
{Heap before GC invocations=2 (full 0):
 garbage-first heap   total 131072K, used 63355K [0x0000000080e00000, 0x0000000100000000)
  region size 1024K, 58 young (59392K), 1 survivors (1024K)
 Metaspace       used 6626K, committed 6784K, reserved 1064960K
  class space    used 470K, committed 576K, reserved 1048576K
}
Event: 10.914 GC heap after
{Heap after GC invocations=3 (full 0):
 garbage-first heap   total 131072K, used 5467K [0x0000000080e00000, 0x0000000100000000)
  region size 1024K, 2 young (2048K), 2 survivors (2048K)
 Metaspace       used 6626K, committed 6784K, reserved 1064960K
  class space    used 470K, committed 576K, reserved 1048576K
}
Event: 16.991 GC heap before
{Heap before GC invocations=3 (full 0):
 garbage-first heap   total 131072K, used 81243K [0x0000000080e00000, 0x0000000100000000)
  region size 1024K, 76 young (77824K), 2 survivors (2048K)
 Metaspace       used 6709K, committed 6912K, reserved 1064960K
  class space    used 471K, committed 576K, reserved 1048576K
}
Event: 16.993 GC heap after
{Heap after GC invocations=4 (full 0):
 garbage-first heap   total 131072K, used 5727K [0x0000000080e00000, 0x0000000100000000)
  region size 1024K, 2 young (2048K), 2 survivors (2048K)
 Metaspace       used 6709K, committed 6912K, reserved 1064960K
  class space    used 471K, committed 576K, reserved 1048576K
}

